<?xml version="1.0" encoding="UTF-8"?>
<!-- Generated by org.testng.reporters.JUnitReportReporter -->
<testsuite hostname="Trans-MacBook-Air.local" failures="0" tests="1" name="com.nop.Nop_Desktop" time="14.003" errors="0" timestamp="13 Jul 2023 04:46:23 GMT" skipped="0">
  <testcase classname="com.nop.Nop_Desktop" name="TC_01_CreateProduct" time="14.003"/>
</testsuite> <!-- com.nop.Nop_Desktop -->
