<?xml version="1.0" encoding="UTF-8"?>
<!-- Generated by org.testng.reporters.JUnitReportReporter -->
<testsuite hostname="192.168.2.1" failures="0" tests="1" name="com.nop.Nop_Product" time="0.313" errors="0" timestamp="04 Jul 2023 14:55:07 GMT" skipped="0">
  <testcase classname="com.nop.Nop_Product" name="TC_01_CreateProduct" time="0.313"/>
</testsuite> <!-- com.nop.Nop_Product -->
